2018-03-12 14:05:37.527 [error] <0.141.0>@db_util:do:93 CRASH REPORT Process <0.141.0> with 0 neighbours exited with reason: no match of right hand value {aborted,{no_exists,account}} in db_util:do/1 line 93 in gen_server:init_it/6 line 352
2018-03-12 14:05:37.527 [error] <0.91.0>@gb_network:start_id:63 CRASH REPORT Process <0.91.0> with 0 neighbours exited with reason: no match of right hand value {error,{{{badmatch,{aborted,{no_exists,account}}},[{db_util,do,1,[{file,"src/db/db_util.erl"},{line,93}]},{id_serv,init,1,[{file,"src/serv/id_serv.erl"},{line,28}]},{gen_server,init_it,6,[{file,"gen_server.erl"},{line,328}]},{proc_lib,init_p_do_apply,3,[{file,"proc_lib.erl"},{line,247}]}]},{child,undefined,id_serv,{id_serv,start_link,[]},permanent,10000,supervisor,[id_serv]}}} in gb_network:start_id/0 line 63 in application_master:init/4 line 134
2018-03-12 14:12:11.104 [error] <0.154.0>@lib_login:logout CRASH REPORT Process <0.154.0> with 0 neighbours crashed with reason: call to undefined function lib_login:logout(<0.156.0>, "unexpected_message")
2018-03-12 14:12:11.104 [error] <0.138.0> Supervisor gb_tcp_client_sup had child gb_reader started with {gb_reader,start_link,undefined} at <0.154.0> exit with reason undef in context child_terminated
2018-03-12 14:12:12.716 [error] <0.157.0>@lib_login:logout CRASH REPORT Process <0.157.0> with 0 neighbours crashed with reason: call to undefined function lib_login:logout(<0.158.0>, "unexpected_message")
2018-03-12 14:12:12.716 [error] <0.138.0> Supervisor gb_tcp_client_sup had child gb_reader started with {gb_reader,start_link,undefined} at <0.157.0> exit with reason undef in context child_terminated
2018-03-12 14:13:21.454 [error] <0.176.0>@role_serv:handle_cast:82 gen_server <0.176.0> terminated with reason: bad record role_info in role_serv:handle_cast/2 line 82
2018-03-12 14:13:21.456 [error] <0.176.0>@role_serv:handle_cast:82 CRASH REPORT Process <0.176.0> with 0 neighbours exited with reason: bad record role_info in role_serv:handle_cast/2 line 82 in gen_server:terminate/7 line 812
2018-03-12 14:33:29.263 [error] <0.172.0>@lib_login:logout CRASH REPORT Process <0.172.0> with 0 neighbours crashed with reason: call to undefined function lib_login:logout(<0.173.0>, "unexpected_message")
2018-03-12 14:33:29.263 [error] <0.138.0> Supervisor gb_tcp_client_sup had child gb_reader started with {gb_reader,start_link,undefined} at <0.172.0> exit with reason undef in context child_terminated
2018-03-12 14:49:18.856 [error] <0.175.0> CRASH REPORT Process <0.175.0> with 0 neighbours exited with reason: {unexpected_message,{inet_async,#Port<0.4257>,1464,{error,closed}}} in gb_reader:login_lost/4 line 160
2018-03-12 14:49:18.856 [error] <0.138.0> Supervisor gb_tcp_client_sup had child gb_reader started with {gb_reader,start_link,undefined} at <0.175.0> exit with reason {unexpected_message,{inet_async,#Port<0.4257>,1464,{error,closed}}} in context child_terminated
2018-03-12 14:50:50.762 [error] <0.200.0>@role_serv:handle_cast:82 gen_server <0.200.0> terminated with reason: bad record role_info in role_serv:handle_cast/2 line 82
2018-03-12 14:50:50.762 [error] <0.200.0>@role_serv:handle_cast:82 CRASH REPORT Process <0.200.0> with 0 neighbours exited with reason: bad record role_info in role_serv:handle_cast/2 line 82 in gen_server:terminate/7 line 812
2018-03-12 14:51:17.952 [error] <0.199.0>@lib_login:logout CRASH REPORT Process <0.199.0> with 0 neighbours crashed with reason: call to undefined function lib_login:logout(<0.200.0>, "unexpected_message")
2018-03-12 14:51:17.952 [error] <0.138.0> Supervisor gb_tcp_client_sup had child gb_reader started with {gb_reader,start_link,undefined} at <0.199.0> exit with reason undef in context child_terminated
2018-03-12 14:51:18.424 [error] <0.202.0>@lib_login:logout CRASH REPORT Process <0.202.0> with 0 neighbours crashed with reason: call to undefined function lib_login:logout(<0.203.0>, "unexpected_message")
2018-03-12 14:51:18.424 [error] <0.138.0> Supervisor gb_tcp_client_sup had child gb_reader started with {gb_reader,start_link,undefined} at <0.202.0> exit with reason undef in context child_terminated
2018-03-12 15:04:22.613 [error] <0.207.0>@lib_login:logout CRASH REPORT Process <0.207.0> with 0 neighbours crashed with reason: call to undefined function lib_login:logout(<0.208.0>, "unexpected_message")
2018-03-12 15:04:22.613 [error] <0.138.0> Supervisor gb_tcp_client_sup had child gb_reader started with {gb_reader,start_link,undefined} at <0.207.0> exit with reason undef in context child_terminated
2018-03-12 15:08:22.533 [error] <0.210.0>@lib_login:logout CRASH REPORT Process <0.210.0> with 0 neighbours crashed with reason: call to undefined function lib_login:logout(<0.211.0>, "unexpected_message")
2018-03-12 15:08:22.533 [error] <0.138.0> Supervisor gb_tcp_client_sup had child gb_reader started with {gb_reader,start_link,undefined} at <0.210.0> exit with reason undef in context child_terminated
2018-03-12 15:09:56.437 [error] <0.228.0>@role_serv:handle_cast:82 gen_server <0.228.0> terminated with reason: bad record role_info in role_serv:handle_cast/2 line 82
2018-03-12 15:09:56.437 [error] <0.228.0>@role_serv:handle_cast:82 CRASH REPORT Process <0.228.0> with 0 neighbours exited with reason: bad record role_info in role_serv:handle_cast/2 line 82 in gen_server:terminate/7 line 812
2018-03-12 15:10:48.113 [error] <0.227.0>@lib_login:logout CRASH REPORT Process <0.227.0> with 0 neighbours crashed with reason: call to undefined function lib_login:logout(<0.228.0>, "unexpected_message")
2018-03-12 15:10:48.113 [error] <0.138.0> Supervisor gb_tcp_client_sup had child gb_reader started with {gb_reader,start_link,undefined} at <0.227.0> exit with reason undef in context child_terminated
2018-03-12 15:27:03.650 [error] <0.160.0>@role_serv:handle_cast:82 gen_server <0.160.0> terminated with reason: bad record role_info in role_serv:handle_cast/2 line 82
2018-03-12 15:27:03.654 [error] <0.160.0>@role_serv:handle_cast:82 CRASH REPORT Process <0.160.0> with 0 neighbours exited with reason: bad record role_info in role_serv:handle_cast/2 line 82 in gen_server:terminate/7 line 812
2018-03-12 15:28:50.214 [error] <0.156.0>@lib_login:logout CRASH REPORT Process <0.156.0> with 0 neighbours crashed with reason: call to undefined function lib_login:logout(<0.158.0>, "unexpected_message")
2018-03-12 15:28:50.215 [error] <0.138.0> Supervisor gb_tcp_client_sup had child gb_reader started with {gb_reader,start_link,undefined} at <0.156.0> exit with reason undef in context child_terminated
2018-03-12 15:28:53.108 [error] <0.159.0>@lib_login:logout CRASH REPORT Process <0.159.0> with 0 neighbours crashed with reason: call to undefined function lib_login:logout(<0.160.0>, "unexpected_message")
2018-03-12 15:28:53.108 [error] <0.138.0> Supervisor gb_tcp_client_sup had child gb_reader started with {gb_reader,start_link,undefined} at <0.159.0> exit with reason undef in context child_terminated
2018-03-12 15:29:37.430 [error] <0.173.0>@role_serv:handle_cast:82 gen_server <0.173.0> terminated with reason: bad record role_info in role_serv:handle_cast/2 line 82
2018-03-12 15:29:37.430 [error] <0.173.0>@role_serv:handle_cast:82 CRASH REPORT Process <0.173.0> with 0 neighbours exited with reason: bad record role_info in role_serv:handle_cast/2 line 82 in gen_server:terminate/7 line 812
2018-03-12 15:31:29.400 [error] <0.175.0>@lib_login:logout CRASH REPORT Process <0.175.0> with 0 neighbours crashed with reason: call to undefined function lib_login:logout(<0.176.0>, "unexpected_message")
2018-03-12 15:31:29.400 [error] <0.138.0> Supervisor gb_tcp_client_sup had child gb_reader started with {gb_reader,start_link,undefined} at <0.175.0> exit with reason undef in context child_terminated
2018-03-12 15:31:30.597 [error] <0.172.0>@lib_login:logout CRASH REPORT Process <0.172.0> with 0 neighbours crashed with reason: call to undefined function lib_login:logout(<0.173.0>, "unexpected_message")
2018-03-12 15:31:30.597 [error] <0.138.0> Supervisor gb_tcp_client_sup had child gb_reader started with {gb_reader,start_link,undefined} at <0.172.0> exit with reason undef in context child_terminated
2018-03-12 15:32:14.617 [error] <0.189.0>@role_serv:handle_cast:82 gen_server <0.189.0> terminated with reason: bad record role_info in role_serv:handle_cast/2 line 82
2018-03-12 15:32:14.617 [error] <0.189.0>@role_serv:handle_cast:82 CRASH REPORT Process <0.189.0> with 0 neighbours exited with reason: bad record role_info in role_serv:handle_cast/2 line 82 in gen_server:terminate/7 line 812
2018-03-12 15:33:33.288 [error] <0.191.0>@lib_login:logout CRASH REPORT Process <0.191.0> with 0 neighbours crashed with reason: call to undefined function lib_login:logout(<0.192.0>, "unexpected_message")
2018-03-12 15:33:33.288 [error] <0.138.0> Supervisor gb_tcp_client_sup had child gb_reader started with {gb_reader,start_link,undefined} at <0.191.0> exit with reason undef in context child_terminated
2018-03-12 15:33:36.119 [error] <0.188.0>@lib_login:logout CRASH REPORT Process <0.188.0> with 0 neighbours crashed with reason: call to undefined function lib_login:logout(<0.189.0>, "unexpected_message")
2018-03-12 15:33:36.119 [error] <0.138.0> Supervisor gb_tcp_client_sup had child gb_reader started with {gb_reader,start_link,undefined} at <0.188.0> exit with reason undef in context child_terminated
2018-03-12 15:34:18.548 [error] <0.196.0>@role_serv:handle_cast:82 gen_server <0.196.0> terminated with reason: bad record role_info in role_serv:handle_cast/2 line 82
2018-03-12 15:34:18.549 [error] <0.196.0>@role_serv:handle_cast:82 CRASH REPORT Process <0.196.0> with 0 neighbours exited with reason: bad record role_info in role_serv:handle_cast/2 line 82 in gen_server:terminate/7 line 812
2018-03-12 15:36:58.980 [error] <0.198.0>@lib_login:logout CRASH REPORT Process <0.198.0> with 0 neighbours crashed with reason: call to undefined function lib_login:logout(<0.199.0>, "unexpected_message")
2018-03-12 15:36:58.980 [error] <0.138.0> Supervisor gb_tcp_client_sup had child gb_reader started with {gb_reader,start_link,undefined} at <0.198.0> exit with reason undef in context child_terminated
2018-03-12 15:37:01.701 [error] <0.195.0>@lib_login:logout CRASH REPORT Process <0.195.0> with 0 neighbours crashed with reason: call to undefined function lib_login:logout(<0.196.0>, "unexpected_message")
2018-03-12 15:37:01.701 [error] <0.138.0> Supervisor gb_tcp_client_sup had child gb_reader started with {gb_reader,start_link,undefined} at <0.195.0> exit with reason undef in context child_terminated
2018-03-12 15:37:37.070 [error] <0.212.0>@role_serv:handle_cast:82 gen_server <0.212.0> terminated with reason: bad record role_info in role_serv:handle_cast/2 line 82
2018-03-12 15:37:37.071 [error] <0.212.0>@role_serv:handle_cast:82 CRASH REPORT Process <0.212.0> with 0 neighbours exited with reason: bad record role_info in role_serv:handle_cast/2 line 82 in gen_server:terminate/7 line 812
2018-03-12 15:40:01.737 [error] <0.211.0>@lib_login:logout CRASH REPORT Process <0.211.0> with 0 neighbours crashed with reason: call to undefined function lib_login:logout(<0.212.0>, "unexpected_message")
2018-03-12 15:40:01.737 [error] <0.138.0> Supervisor gb_tcp_client_sup had child gb_reader started with {gb_reader,start_link,undefined} at <0.211.0> exit with reason undef in context child_terminated
2018-03-12 15:40:04.413 [error] <0.214.0>@lib_login:logout CRASH REPORT Process <0.214.0> with 0 neighbours crashed with reason: call to undefined function lib_login:logout(<0.215.0>, "unexpected_message")
2018-03-12 15:40:04.413 [error] <0.138.0> Supervisor gb_tcp_client_sup had child gb_reader started with {gb_reader,start_link,undefined} at <0.214.0> exit with reason undef in context child_terminated
2018-03-12 15:41:00.443 [error] <0.240.0>@role_serv:handle_cast:82 gen_server <0.240.0> terminated with reason: bad record role_info in role_serv:handle_cast/2 line 82
2018-03-12 15:41:00.443 [error] <0.240.0>@role_serv:handle_cast:82 CRASH REPORT Process <0.240.0> with 0 neighbours exited with reason: bad record role_info in role_serv:handle_cast/2 line 82 in gen_server:terminate/7 line 812
2018-03-12 15:42:07.392 [error] <0.239.0>@lib_login:logout CRASH REPORT Process <0.239.0> with 0 neighbours crashed with reason: call to undefined function lib_login:logout(<0.240.0>, "unexpected_message")
2018-03-12 15:42:07.392 [error] <0.138.0> Supervisor gb_tcp_client_sup had child gb_reader started with {gb_reader,start_link,undefined} at <0.239.0> exit with reason undef in context child_terminated
2018-03-12 15:42:09.327 [error] <0.227.0>@lib_login:logout CRASH REPORT Process <0.227.0> with 0 neighbours crashed with reason: call to undefined function lib_login:logout(<0.228.0>, "unexpected_message")
2018-03-12 15:42:09.327 [error] <0.138.0> Supervisor gb_tcp_client_sup had child gb_reader started with {gb_reader,start_link,undefined} at <0.227.0> exit with reason undef in context child_terminated
2018-03-12 15:43:01.400 [error] <0.244.0>@role_serv:handle_cast:82 gen_server <0.244.0> terminated with reason: bad record role_info in role_serv:handle_cast/2 line 82
2018-03-12 15:43:01.400 [error] <0.244.0>@role_serv:handle_cast:82 CRASH REPORT Process <0.244.0> with 0 neighbours exited with reason: bad record role_info in role_serv:handle_cast/2 line 82 in gen_server:terminate/7 line 812
2018-03-12 15:43:07.557 [error] <0.246.0>@lib_login:logout CRASH REPORT Process <0.246.0> with 0 neighbours crashed with reason: call to undefined function lib_login:logout(<0.247.0>, "unexpected_message")
2018-03-12 15:43:07.557 [error] <0.138.0> Supervisor gb_tcp_client_sup had child gb_reader started with {gb_reader,start_link,undefined} at <0.246.0> exit with reason undef in context child_terminated
2018-03-12 15:43:09.254 [error] <0.243.0>@lib_login:logout CRASH REPORT Process <0.243.0> with 0 neighbours crashed with reason: call to undefined function lib_login:logout(<0.244.0>, "unexpected_message")
2018-03-12 15:43:09.254 [error] <0.138.0> Supervisor gb_tcp_client_sup had child gb_reader started with {gb_reader,start_link,undefined} at <0.243.0> exit with reason undef in context child_terminated
2018-03-12 15:44:28.177 [error] <0.263.0>@role_serv:handle_cast:82 gen_server <0.263.0> terminated with reason: bad record role_info in role_serv:handle_cast/2 line 82
2018-03-12 15:44:28.177 [error] <0.263.0>@role_serv:handle_cast:82 CRASH REPORT Process <0.263.0> with 0 neighbours exited with reason: bad record role_info in role_serv:handle_cast/2 line 82 in gen_server:terminate/7 line 812
2018-03-12 15:45:45.714 [error] <0.262.0>@lib_login:logout CRASH REPORT Process <0.262.0> with 0 neighbours crashed with reason: call to undefined function lib_login:logout(<0.263.0>, "unexpected_message")
2018-03-12 15:45:45.714 [error] <0.138.0> Supervisor gb_tcp_client_sup had child gb_reader started with {gb_reader,start_link,undefined} at <0.262.0> exit with reason undef in context child_terminated
2018-03-12 15:45:48.038 [error] <0.259.0>@lib_login:logout CRASH REPORT Process <0.259.0> with 0 neighbours crashed with reason: call to undefined function lib_login:logout(<0.260.0>, "unexpected_message")
2018-03-12 15:45:48.039 [error] <0.138.0> Supervisor gb_tcp_client_sup had child gb_reader started with {gb_reader,start_link,undefined} at <0.259.0> exit with reason undef in context child_terminated
2018-03-12 15:46:34.381 [error] <0.267.0>@role_serv:handle_cast:82 gen_server <0.267.0> terminated with reason: bad record role_info in role_serv:handle_cast/2 line 82
2018-03-12 15:46:34.381 [error] <0.267.0>@role_serv:handle_cast:82 CRASH REPORT Process <0.267.0> with 0 neighbours exited with reason: bad record role_info in role_serv:handle_cast/2 line 82 in gen_server:terminate/7 line 812
2018-03-12 15:47:24.651 [error] <0.266.0>@lib_login:logout CRASH REPORT Process <0.266.0> with 0 neighbours crashed with reason: call to undefined function lib_login:logout(<0.267.0>, "unexpected_message")
2018-03-12 15:47:24.651 [error] <0.138.0> Supervisor gb_tcp_client_sup had child gb_reader started with {gb_reader,start_link,undefined} at <0.266.0> exit with reason undef in context child_terminated
2018-03-12 15:47:35.358 [error] <0.269.0>@lib_login:logout CRASH REPORT Process <0.269.0> with 0 neighbours crashed with reason: call to undefined function lib_login:logout(<0.270.0>, "unexpected_message")
2018-03-12 15:47:35.358 [error] <0.138.0> Supervisor gb_tcp_client_sup had child gb_reader started with {gb_reader,start_link,undefined} at <0.269.0> exit with reason undef in context child_terminated
2018-03-12 15:49:09.644 [error] <0.286.0>@role_serv:handle_cast:82 gen_server <0.286.0> terminated with reason: bad record role_info in role_serv:handle_cast/2 line 82
2018-03-12 15:49:09.644 [error] <0.286.0>@role_serv:handle_cast:82 CRASH REPORT Process <0.286.0> with 0 neighbours exited with reason: bad record role_info in role_serv:handle_cast/2 line 82 in gen_server:terminate/7 line 812
2018-03-12 15:49:20.344 [error] <0.285.0>@lib_login:logout CRASH REPORT Process <0.285.0> with 0 neighbours crashed with reason: call to undefined function lib_login:logout(<0.286.0>, "unexpected_message")
2018-03-12 15:49:20.345 [error] <0.138.0> Supervisor gb_tcp_client_sup had child gb_reader started with {gb_reader,start_link,undefined} at <0.285.0> exit with reason undef in context child_terminated
2018-03-12 15:49:22.561 [error] <0.282.0>@lib_login:logout CRASH REPORT Process <0.282.0> with 0 neighbours crashed with reason: call to undefined function lib_login:logout(<0.283.0>, "unexpected_message")
2018-03-12 15:49:22.561 [error] <0.138.0> Supervisor gb_tcp_client_sup had child gb_reader started with {gb_reader,start_link,undefined} at <0.282.0> exit with reason undef in context child_terminated
2018-03-12 15:50:44.372 [error] <0.302.0>@role_serv:handle_cast:82 gen_server <0.302.0> terminated with reason: bad record role_info in role_serv:handle_cast/2 line 82
2018-03-12 15:50:44.372 [error] <0.302.0>@role_serv:handle_cast:82 CRASH REPORT Process <0.302.0> with 0 neighbours exited with reason: bad record role_info in role_serv:handle_cast/2 line 82 in gen_server:terminate/7 line 812
2018-03-12 15:50:44.636 [error] <0.301.0>@lib_login:logout CRASH REPORT Process <0.301.0> with 0 neighbours crashed with reason: call to undefined function lib_login:logout(<0.302.0>, "unexpected_message")
2018-03-12 15:50:44.637 [error] <0.138.0> Supervisor gb_tcp_client_sup had child gb_reader started with {gb_reader,start_link,undefined} at <0.301.0> exit with reason undef in context child_terminated
2018-03-12 15:50:46.526 [error] <0.298.0>@lib_login:logout CRASH REPORT Process <0.298.0> with 0 neighbours crashed with reason: call to undefined function lib_login:logout(<0.299.0>, "unexpected_message")
2018-03-12 15:50:46.526 [error] <0.138.0> Supervisor gb_tcp_client_sup had child gb_reader started with {gb_reader,start_link,undefined} at <0.298.0> exit with reason undef in context child_terminated
2018-03-12 15:51:32.766 [error] <0.306.0>@role_serv:handle_cast:82 gen_server <0.306.0> terminated with reason: bad record role_info in role_serv:handle_cast/2 line 82
2018-03-12 15:51:32.766 [error] <0.306.0>@role_serv:handle_cast:82 CRASH REPORT Process <0.306.0> with 0 neighbours exited with reason: bad record role_info in role_serv:handle_cast/2 line 82 in gen_server:terminate/7 line 812
2018-03-12 15:53:05.311 [error] <0.308.0>@lib_login:logout CRASH REPORT Process <0.308.0> with 0 neighbours crashed with reason: call to undefined function lib_login:logout(<0.309.0>, "unexpected_message")
2018-03-12 15:53:05.311 [error] <0.138.0> Supervisor gb_tcp_client_sup had child gb_reader started with {gb_reader,start_link,undefined} at <0.308.0> exit with reason undef in context child_terminated
2018-03-12 15:53:07.963 [error] <0.305.0>@lib_login:logout CRASH REPORT Process <0.305.0> with 0 neighbours crashed with reason: call to undefined function lib_login:logout(<0.306.0>, "unexpected_message")
2018-03-12 15:53:07.963 [error] <0.138.0> Supervisor gb_tcp_client_sup had child gb_reader started with {gb_reader,start_link,undefined} at <0.305.0> exit with reason undef in context child_terminated
2018-03-12 15:54:20.944 [error] <0.325.0>@role_serv:handle_cast:82 gen_server <0.325.0> terminated with reason: bad record role_info in role_serv:handle_cast/2 line 82
2018-03-12 15:54:20.944 [error] <0.325.0>@role_serv:handle_cast:82 CRASH REPORT Process <0.325.0> with 0 neighbours exited with reason: bad record role_info in role_serv:handle_cast/2 line 82 in gen_server:terminate/7 line 812
2018-03-12 15:54:54.320 [error] <0.324.0>@lib_login:logout CRASH REPORT Process <0.324.0> with 0 neighbours crashed with reason: call to undefined function lib_login:logout(<0.325.0>, "unexpected_message")
2018-03-12 15:54:54.320 [error] <0.138.0> Supervisor gb_tcp_client_sup had child gb_reader started with {gb_reader,start_link,undefined} at <0.324.0> exit with reason undef in context child_terminated
2018-03-12 15:55:25.291 [error] <0.321.0>@lib_login:logout CRASH REPORT Process <0.321.0> with 0 neighbours crashed with reason: call to undefined function lib_login:logout(<0.322.0>, "unexpected_message")
2018-03-12 15:55:25.291 [error] <0.138.0> Supervisor gb_tcp_client_sup had child gb_reader started with {gb_reader,start_link,undefined} at <0.321.0> exit with reason undef in context child_terminated
2018-03-12 15:56:21.036 [error] <0.341.0>@role_serv:handle_cast:82 gen_server <0.341.0> terminated with reason: bad record role_info in role_serv:handle_cast/2 line 82
2018-03-12 15:56:21.036 [error] <0.341.0>@role_serv:handle_cast:82 CRASH REPORT Process <0.341.0> with 0 neighbours exited with reason: bad record role_info in role_serv:handle_cast/2 line 82 in gen_server:terminate/7 line 812
2018-03-12 15:56:47.332 [error] <0.337.0>@lib_login:logout CRASH REPORT Process <0.337.0> with 0 neighbours crashed with reason: call to undefined function lib_login:logout(<0.338.0>, "unexpected_message")
2018-03-12 15:56:47.332 [error] <0.138.0> Supervisor gb_tcp_client_sup had child gb_reader started with {gb_reader,start_link,undefined} at <0.337.0> exit with reason undef in context child_terminated
2018-03-12 15:56:49.463 [error] <0.340.0>@lib_login:logout CRASH REPORT Process <0.340.0> with 0 neighbours crashed with reason: call to undefined function lib_login:logout(<0.341.0>, "unexpected_message")
2018-03-12 15:56:49.463 [error] <0.138.0> Supervisor gb_tcp_client_sup had child gb_reader started with {gb_reader,start_link,undefined} at <0.340.0> exit with reason undef in context child_terminated
2018-03-12 15:57:55.368 [error] <0.345.0>@role_serv:handle_cast:82 gen_server <0.345.0> terminated with reason: bad record role_info in role_serv:handle_cast/2 line 82
2018-03-12 15:57:55.368 [error] <0.345.0>@role_serv:handle_cast:82 CRASH REPORT Process <0.345.0> with 0 neighbours exited with reason: bad record role_info in role_serv:handle_cast/2 line 82 in gen_server:terminate/7 line 812
2018-03-12 15:59:38.264 [error] <0.344.0>@lib_login:logout CRASH REPORT Process <0.344.0> with 0 neighbours crashed with reason: call to undefined function lib_login:logout(<0.345.0>, "unexpected_message")
2018-03-12 15:59:38.264 [error] <0.138.0> Supervisor gb_tcp_client_sup had child gb_reader started with {gb_reader,start_link,undefined} at <0.344.0> exit with reason undef in context child_terminated
2018-03-12 15:59:40.509 [error] <0.347.0>@lib_login:logout CRASH REPORT Process <0.347.0> with 0 neighbours crashed with reason: call to undefined function lib_login:logout(<0.348.0>, "unexpected_message")
2018-03-12 15:59:40.509 [error] <0.138.0> Supervisor gb_tcp_client_sup had child gb_reader started with {gb_reader,start_link,undefined} at <0.347.0> exit with reason undef in context child_terminated
2018-03-12 16:00:45.665 [error] <0.361.0>@role_serv:handle_cast:82 gen_server <0.361.0> terminated with reason: bad record role_info in role_serv:handle_cast/2 line 82
2018-03-12 16:00:45.665 [error] <0.361.0>@role_serv:handle_cast:82 CRASH REPORT Process <0.361.0> with 0 neighbours exited with reason: bad record role_info in role_serv:handle_cast/2 line 82 in gen_server:terminate/7 line 812
2018-03-12 16:03:55.197 [error] <0.360.0>@lib_login:logout CRASH REPORT Process <0.360.0> with 0 neighbours crashed with reason: call to undefined function lib_login:logout(<0.361.0>, "unexpected_message")
2018-03-12 16:03:55.197 [error] <0.138.0> Supervisor gb_tcp_client_sup had child gb_reader started with {gb_reader,start_link,undefined} at <0.360.0> exit with reason undef in context child_terminated
2018-03-12 16:03:57.331 [error] <0.363.0>@lib_login:logout CRASH REPORT Process <0.363.0> with 0 neighbours crashed with reason: call to undefined function lib_login:logout(<0.364.0>, "unexpected_message")
2018-03-12 16:03:57.331 [error] <0.138.0> Supervisor gb_tcp_client_sup had child gb_reader started with {gb_reader,start_link,undefined} at <0.363.0> exit with reason undef in context child_terminated
2018-03-12 16:04:23.298 [error] <0.377.0>@role_serv:handle_cast:82 gen_server <0.377.0> terminated with reason: bad record role_info in role_serv:handle_cast/2 line 82
2018-03-12 16:04:23.298 [error] <0.377.0>@role_serv:handle_cast:82 CRASH REPORT Process <0.377.0> with 0 neighbours exited with reason: bad record role_info in role_serv:handle_cast/2 line 82 in gen_server:terminate/7 line 812
2018-03-12 16:05:16.538 [error] <0.376.0>@lib_login:logout CRASH REPORT Process <0.376.0> with 0 neighbours crashed with reason: call to undefined function lib_login:logout(<0.377.0>, "unexpected_message")
2018-03-12 16:05:16.538 [error] <0.138.0> Supervisor gb_tcp_client_sup had child gb_reader started with {gb_reader,start_link,undefined} at <0.376.0> exit with reason undef in context child_terminated
2018-03-12 16:05:18.599 [error] <0.379.0>@lib_login:logout CRASH REPORT Process <0.379.0> with 0 neighbours crashed with reason: call to undefined function lib_login:logout(<0.380.0>, "unexpected_message")
2018-03-12 16:05:18.599 [error] <0.138.0> Supervisor gb_tcp_client_sup had child gb_reader started with {gb_reader,start_link,undefined} at <0.379.0> exit with reason undef in context child_terminated
2018-03-12 16:06:08.514 [error] <0.388.0>@role_serv:handle_cast:82 gen_server <0.388.0> terminated with reason: bad record role_info in role_serv:handle_cast/2 line 82
2018-03-12 16:06:08.514 [error] <0.388.0>@role_serv:handle_cast:82 CRASH REPORT Process <0.388.0> with 0 neighbours exited with reason: bad record role_info in role_serv:handle_cast/2 line 82 in gen_server:terminate/7 line 812
2018-03-12 16:08:02.766 [error] <0.384.0>@lib_login:logout CRASH REPORT Process <0.384.0> with 0 neighbours crashed with reason: call to undefined function lib_login:logout(<0.385.0>, "unexpected_message")
2018-03-12 16:08:02.766 [error] <0.138.0> Supervisor gb_tcp_client_sup had child gb_reader started with {gb_reader,start_link,undefined} at <0.384.0> exit with reason undef in context child_terminated
2018-03-12 16:08:04.366 [error] <0.387.0>@lib_login:logout CRASH REPORT Process <0.387.0> with 0 neighbours crashed with reason: call to undefined function lib_login:logout(<0.388.0>, "unexpected_message")
2018-03-12 16:08:04.366 [error] <0.138.0> Supervisor gb_tcp_client_sup had child gb_reader started with {gb_reader,start_link,undefined} at <0.387.0> exit with reason undef in context child_terminated
2018-03-12 16:09:09.710 [error] <0.404.0>@role_serv:handle_cast:82 gen_server <0.404.0> terminated with reason: bad record role_info in role_serv:handle_cast/2 line 82
2018-03-12 16:09:09.710 [error] <0.404.0>@role_serv:handle_cast:82 CRASH REPORT Process <0.404.0> with 0 neighbours exited with reason: bad record role_info in role_serv:handle_cast/2 line 82 in gen_server:terminate/7 line 812
2018-03-12 16:09:31.827 [error] <0.400.0>@lib_login:logout CRASH REPORT Process <0.400.0> with 0 neighbours crashed with reason: call to undefined function lib_login:logout(<0.401.0>, "unexpected_message")
2018-03-12 16:09:31.827 [error] <0.138.0> Supervisor gb_tcp_client_sup had child gb_reader started with {gb_reader,start_link,undefined} at <0.400.0> exit with reason undef in context child_terminated
2018-03-12 16:09:34.065 [error] <0.403.0>@lib_login:logout CRASH REPORT Process <0.403.0> with 0 neighbours crashed with reason: call to undefined function lib_login:logout(<0.404.0>, "unexpected_message")
2018-03-12 16:09:34.065 [error] <0.138.0> Supervisor gb_tcp_client_sup had child gb_reader started with {gb_reader,start_link,undefined} at <0.403.0> exit with reason undef in context child_terminated
2018-03-12 16:10:03.279 [error] <0.411.0>@role_serv:handle_cast:82 gen_server <0.411.0> terminated with reason: bad record role_info in role_serv:handle_cast/2 line 82
2018-03-12 16:10:03.279 [error] <0.411.0>@role_serv:handle_cast:82 CRASH REPORT Process <0.411.0> with 0 neighbours exited with reason: bad record role_info in role_serv:handle_cast/2 line 82 in gen_server:terminate/7 line 812
2018-03-12 16:10:45.682 [error] <0.407.0>@lib_login:logout CRASH REPORT Process <0.407.0> with 0 neighbours crashed with reason: call to undefined function lib_login:logout(<0.408.0>, "unexpected_message")
2018-03-12 16:10:45.682 [error] <0.138.0> Supervisor gb_tcp_client_sup had child gb_reader started with {gb_reader,start_link,undefined} at <0.407.0> exit with reason undef in context child_terminated
2018-03-12 16:10:48.121 [error] <0.410.0>@lib_login:logout CRASH REPORT Process <0.410.0> with 0 neighbours crashed with reason: call to undefined function lib_login:logout(<0.411.0>, "unexpected_message")
2018-03-12 16:10:48.121 [error] <0.138.0> Supervisor gb_tcp_client_sup had child gb_reader started with {gb_reader,start_link,undefined} at <0.410.0> exit with reason undef in context child_terminated
2018-03-12 16:11:31.846 [error] <0.427.0>@role_serv:handle_cast:82 gen_server <0.427.0> terminated with reason: bad record role_info in role_serv:handle_cast/2 line 82
2018-03-12 16:11:31.846 [error] <0.427.0>@role_serv:handle_cast:82 CRASH REPORT Process <0.427.0> with 0 neighbours exited with reason: bad record role_info in role_serv:handle_cast/2 line 82 in gen_server:terminate/7 line 812
2018-03-12 16:12:47.785 [error] <0.423.0>@lib_login:logout CRASH REPORT Process <0.423.0> with 0 neighbours crashed with reason: call to undefined function lib_login:logout(<0.424.0>, "unexpected_message")
2018-03-12 16:12:47.785 [error] <0.138.0> Supervisor gb_tcp_client_sup had child gb_reader started with {gb_reader,start_link,undefined} at <0.423.0> exit with reason undef in context child_terminated
2018-03-12 16:12:51.229 [error] <0.426.0>@lib_login:logout CRASH REPORT Process <0.426.0> with 0 neighbours crashed with reason: call to undefined function lib_login:logout(<0.427.0>, "unexpected_message")
2018-03-12 16:12:51.229 [error] <0.138.0> Supervisor gb_tcp_client_sup had child gb_reader started with {gb_reader,start_link,undefined} at <0.426.0> exit with reason undef in context child_terminated
2018-03-12 16:14:21.210 [error] <0.434.0>@role_serv:handle_cast:82 gen_server <0.434.0> terminated with reason: bad record role_info in role_serv:handle_cast/2 line 82
2018-03-12 16:14:21.211 [error] <0.434.0>@role_serv:handle_cast:82 CRASH REPORT Process <0.434.0> with 0 neighbours exited with reason: bad record role_info in role_serv:handle_cast/2 line 82 in gen_server:terminate/7 line 812
2018-03-12 16:24:03.551 [error] <0.433.0>@lib_login:logout CRASH REPORT Process <0.433.0> with 0 neighbours crashed with reason: call to undefined function lib_login:logout(<0.434.0>, "unexpected_message")
2018-03-12 16:24:03.551 [error] <0.138.0> Supervisor gb_tcp_client_sup had child gb_reader started with {gb_reader,start_link,undefined} at <0.433.0> exit with reason undef in context child_terminated
2018-03-12 16:24:05.184 [error] <0.430.0>@lib_login:logout CRASH REPORT Process <0.430.0> with 0 neighbours crashed with reason: call to undefined function lib_login:logout(<0.431.0>, "unexpected_message")
2018-03-12 16:24:05.184 [error] <0.138.0> Supervisor gb_tcp_client_sup had child gb_reader started with {gb_reader,start_link,undefined} at <0.430.0> exit with reason undef in context child_terminated
2018-03-12 16:31:48.539 [error] <0.463.0>@role_serv:handle_cast:82 gen_server <0.463.0> terminated with reason: bad record role_info in role_serv:handle_cast/2 line 82
2018-03-12 16:31:48.539 [error] <0.463.0>@role_serv:handle_cast:82 CRASH REPORT Process <0.463.0> with 0 neighbours exited with reason: bad record role_info in role_serv:handle_cast/2 line 82 in gen_server:terminate/7 line 812
2018-03-12 16:45:55.010 [error] <0.459.0>@lib_login:logout CRASH REPORT Process <0.459.0> with 0 neighbours crashed with reason: call to undefined function lib_login:logout(<0.460.0>, "unexpected_message")
2018-03-12 16:45:55.010 [error] <0.138.0> Supervisor gb_tcp_client_sup had child gb_reader started with {gb_reader,start_link,undefined} at <0.459.0> exit with reason undef in context child_terminated
2018-03-12 16:46:20.748 [error] <0.462.0>@lib_login:logout CRASH REPORT Process <0.462.0> with 0 neighbours crashed with reason: call to undefined function lib_login:logout(<0.463.0>, "unexpected_message")
2018-03-12 16:46:20.748 [error] <0.138.0> Supervisor gb_tcp_client_sup had child gb_reader started with {gb_reader,start_link,undefined} at <0.462.0> exit with reason undef in context child_terminated
2018-03-12 16:46:23.676 [error] <0.465.0>@lib_login:logout CRASH REPORT Process <0.465.0> with 0 neighbours crashed with reason: call to undefined function lib_login:logout(<0.466.0>, "unexpected_message")
2018-03-12 16:46:23.676 [error] <0.138.0> Supervisor gb_tcp_client_sup had child gb_reader started with {gb_reader,start_link,undefined} at <0.465.0> exit with reason undef in context child_terminated
2018-03-12 16:46:26.188 [error] <0.468.0>@lib_login:logout CRASH REPORT Process <0.468.0> with 0 neighbours crashed with reason: call to undefined function lib_login:logout(<0.469.0>, "unexpected_message")
2018-03-12 16:46:26.188 [error] <0.138.0> Supervisor gb_tcp_client_sup had child gb_reader started with {gb_reader,start_link,undefined} at <0.468.0> exit with reason undef in context child_terminated
2018-03-12 16:47:41.292 [error] <0.487.0>@role_serv:handle_cast:82 gen_server <0.487.0> terminated with reason: bad record role_info in role_serv:handle_cast/2 line 82
2018-03-12 16:47:41.292 [error] <0.487.0>@role_serv:handle_cast:82 CRASH REPORT Process <0.487.0> with 0 neighbours exited with reason: bad record role_info in role_serv:handle_cast/2 line 82 in gen_server:terminate/7 line 812
2018-03-12 16:55:55.218 [error] <0.486.0>@lib_login:logout CRASH REPORT Process <0.486.0> with 0 neighbours crashed with reason: call to undefined function lib_login:logout(<0.487.0>, "unexpected_message")
2018-03-12 16:55:55.218 [error] <0.138.0> Supervisor gb_tcp_client_sup had child gb_reader started with {gb_reader,start_link,undefined} at <0.486.0> exit with reason undef in context child_terminated
2018-03-12 16:56:44.135 [error] <0.489.0>@lib_login:logout CRASH REPORT Process <0.489.0> with 0 neighbours crashed with reason: call to undefined function lib_login:logout(<0.490.0>, "unexpected_message")
2018-03-12 16:56:44.135 [error] <0.138.0> Supervisor gb_tcp_client_sup had child gb_reader started with {gb_reader,start_link,undefined} at <0.489.0> exit with reason undef in context child_terminated
2018-03-12 16:56:57.197 [error] <0.492.0>@lib_login:logout CRASH REPORT Process <0.492.0> with 0 neighbours crashed with reason: call to undefined function lib_login:logout(<0.493.0>, "unexpected_message")
2018-03-12 16:56:57.197 [error] <0.138.0> Supervisor gb_tcp_client_sup had child gb_reader started with {gb_reader,start_link,undefined} at <0.492.0> exit with reason undef in context child_terminated
2018-03-12 16:57:06.823 [error] <0.495.0>@lib_login:logout CRASH REPORT Process <0.495.0> with 0 neighbours crashed with reason: call to undefined function lib_login:logout(<0.496.0>, "unexpected_message")
2018-03-12 16:57:06.823 [error] <0.138.0> Supervisor gb_tcp_client_sup had child gb_reader started with {gb_reader,start_link,undefined} at <0.495.0> exit with reason undef in context child_terminated
2018-03-12 16:58:10.045 [error] <0.517.0>@role_serv:handle_cast:82 gen_server <0.517.0> terminated with reason: bad record role_info in role_serv:handle_cast/2 line 82
2018-03-12 16:58:10.046 [error] <0.517.0>@role_serv:handle_cast:82 CRASH REPORT Process <0.517.0> with 0 neighbours exited with reason: bad record role_info in role_serv:handle_cast/2 line 82 in gen_server:terminate/7 line 812
2018-03-12 16:59:27.980 [error] <0.513.0>@lib_login:logout CRASH REPORT Process <0.513.0> with 0 neighbours crashed with reason: call to undefined function lib_login:logout(<0.514.0>, "unexpected_message")
2018-03-12 16:59:27.980 [error] <0.138.0> Supervisor gb_tcp_client_sup had child gb_reader started with {gb_reader,start_link,undefined} at <0.513.0> exit with reason undef in context child_terminated
2018-03-12 16:59:29.422 [error] <0.510.0>@lib_login:logout CRASH REPORT Process <0.510.0> with 0 neighbours crashed with reason: call to undefined function lib_login:logout(<0.511.0>, "unexpected_message")
2018-03-12 16:59:29.422 [error] <0.138.0> Supervisor gb_tcp_client_sup had child gb_reader started with {gb_reader,start_link,undefined} at <0.510.0> exit with reason undef in context child_terminated
2018-03-12 16:59:50.355 [error] <0.516.0>@lib_login:logout CRASH REPORT Process <0.516.0> with 0 neighbours crashed with reason: call to undefined function lib_login:logout(<0.517.0>, "unexpected_message")
2018-03-12 16:59:50.356 [error] <0.138.0> Supervisor gb_tcp_client_sup had child gb_reader started with {gb_reader,start_link,undefined} at <0.516.0> exit with reason undef in context child_terminated
2018-03-12 17:00:02.586 [error] <0.519.0>@lib_login:logout CRASH REPORT Process <0.519.0> with 0 neighbours crashed with reason: call to undefined function lib_login:logout(<0.520.0>, "unexpected_message")
2018-03-12 17:00:02.588 [error] <0.138.0> Supervisor gb_tcp_client_sup had child gb_reader started with {gb_reader,start_link,undefined} at <0.519.0> exit with reason undef in context child_terminated
2018-03-12 17:01:16.406 [error] <0.536.0>@role_serv:handle_cast:82 gen_server <0.536.0> terminated with reason: bad record role_info in role_serv:handle_cast/2 line 82
2018-03-12 17:01:16.406 [error] <0.536.0>@role_serv:handle_cast:82 CRASH REPORT Process <0.536.0> with 0 neighbours exited with reason: bad record role_info in role_serv:handle_cast/2 line 82 in gen_server:terminate/7 line 812
2018-03-12 17:02:59.660 [error] <0.532.0>@lib_login:logout CRASH REPORT Process <0.532.0> with 0 neighbours crashed with reason: call to undefined function lib_login:logout(<0.533.0>, "unexpected_message")
2018-03-12 17:02:59.661 [error] <0.138.0> Supervisor gb_tcp_client_sup had child gb_reader started with {gb_reader,start_link,undefined} at <0.532.0> exit with reason undef in context child_terminated
2018-03-12 17:03:01.691 [error] <0.535.0>@lib_login:logout CRASH REPORT Process <0.535.0> with 0 neighbours crashed with reason: call to undefined function lib_login:logout(<0.536.0>, "unexpected_message")
2018-03-12 17:03:01.692 [error] <0.138.0> Supervisor gb_tcp_client_sup had child gb_reader started with {gb_reader,start_link,undefined} at <0.535.0> exit with reason undef in context child_terminated
2018-03-12 17:03:18.709 [error] <0.538.0>@lib_login:logout CRASH REPORT Process <0.538.0> with 0 neighbours crashed with reason: call to undefined function lib_login:logout(<0.539.0>, "unexpected_message")
2018-03-12 17:03:18.709 [error] <0.138.0> Supervisor gb_tcp_client_sup had child gb_reader started with {gb_reader,start_link,undefined} at <0.538.0> exit with reason undef in context child_terminated
2018-03-12 17:03:30.290 [error] <0.541.0>@lib_login:logout CRASH REPORT Process <0.541.0> with 0 neighbours crashed with reason: call to undefined function lib_login:logout(<0.542.0>, "unexpected_message")
2018-03-12 17:03:30.290 [error] <0.138.0> Supervisor gb_tcp_client_sup had child gb_reader started with {gb_reader,start_link,undefined} at <0.541.0> exit with reason undef in context child_terminated
2018-03-12 17:04:56.943 [error] <0.555.0>@role_serv:handle_cast:82 gen_server <0.555.0> terminated with reason: bad record role_info in role_serv:handle_cast/2 line 82
2018-03-12 17:04:56.943 [error] <0.555.0>@role_serv:handle_cast:82 CRASH REPORT Process <0.555.0> with 0 neighbours exited with reason: bad record role_info in role_serv:handle_cast/2 line 82 in gen_server:terminate/7 line 812
2018-03-12 17:05:38.522 [error] <0.557.0>@lib_login:logout CRASH REPORT Process <0.557.0> with 0 neighbours crashed with reason: call to undefined function lib_login:logout(<0.558.0>, "unexpected_message")
2018-03-12 17:05:38.522 [error] <0.138.0> Supervisor gb_tcp_client_sup had child gb_reader started with {gb_reader,start_link,undefined} at <0.557.0> exit with reason undef in context child_terminated
2018-03-12 17:05:42.703 [error] <0.560.0>@lib_login:logout CRASH REPORT Process <0.560.0> with 0 neighbours crashed with reason: call to undefined function lib_login:logout(<0.561.0>, "unexpected_message")
2018-03-12 17:05:42.703 [error] <0.138.0> Supervisor gb_tcp_client_sup had child gb_reader started with {gb_reader,start_link,undefined} at <0.560.0> exit with reason undef in context child_terminated
2018-03-12 17:05:49.354 [error] <0.563.0>@lib_login:logout CRASH REPORT Process <0.563.0> with 0 neighbours crashed with reason: call to undefined function lib_login:logout(<0.564.0>, "unexpected_message")
2018-03-12 17:05:49.354 [error] <0.138.0> Supervisor gb_tcp_client_sup had child gb_reader started with {gb_reader,start_link,undefined} at <0.563.0> exit with reason undef in context child_terminated
2018-03-12 17:09:20.138 [error] <0.554.0>@lib_login:logout CRASH REPORT Process <0.554.0> with 0 neighbours crashed with reason: call to undefined function lib_login:logout(<0.555.0>, "unexpected_message")
2018-03-12 17:09:20.138 [error] <0.138.0> Supervisor gb_tcp_client_sup had child gb_reader started with {gb_reader,start_link,undefined} at <0.554.0> exit with reason undef in context child_terminated
2018-03-12 17:11:11.129 [error] <0.586.0>@role_serv:handle_cast:82 gen_server <0.586.0> terminated with reason: bad record role_info in role_serv:handle_cast/2 line 82
2018-03-12 17:11:11.129 [error] <0.586.0>@role_serv:handle_cast:82 CRASH REPORT Process <0.586.0> with 0 neighbours exited with reason: bad record role_info in role_serv:handle_cast/2 line 82 in gen_server:terminate/7 line 812
2018-03-12 17:12:33.934 [error] <0.585.0>@lib_login:logout CRASH REPORT Process <0.585.0> with 0 neighbours crashed with reason: call to undefined function lib_login:logout(<0.586.0>, "unexpected_message")
2018-03-12 17:12:33.934 [error] <0.138.0> Supervisor gb_tcp_client_sup had child gb_reader started with {gb_reader,start_link,undefined} at <0.585.0> exit with reason undef in context child_terminated
2018-03-12 17:12:44.947 [error] <0.588.0>@lib_login:logout CRASH REPORT Process <0.588.0> with 0 neighbours crashed with reason: call to undefined function lib_login:logout(<0.589.0>, "unexpected_message")
2018-03-12 17:12:44.948 [error] <0.138.0> Supervisor gb_tcp_client_sup had child gb_reader started with {gb_reader,start_link,undefined} at <0.588.0> exit with reason undef in context child_terminated
2018-03-12 17:12:54.300 [error] <0.591.0>@lib_login:logout CRASH REPORT Process <0.591.0> with 0 neighbours crashed with reason: call to undefined function lib_login:logout(<0.592.0>, "unexpected_message")
2018-03-12 17:12:54.300 [error] <0.138.0> Supervisor gb_tcp_client_sup had child gb_reader started with {gb_reader,start_link,undefined} at <0.591.0> exit with reason undef in context child_terminated
2018-03-12 17:13:04.998 [error] <0.594.0>@lib_login:logout CRASH REPORT Process <0.594.0> with 0 neighbours crashed with reason: call to undefined function lib_login:logout(<0.595.0>, "unexpected_message")
2018-03-12 17:13:04.998 [error] <0.138.0> Supervisor gb_tcp_client_sup had child gb_reader started with {gb_reader,start_link,undefined} at <0.594.0> exit with reason undef in context child_terminated
2018-03-12 17:15:07.309 [error] <0.600.0>@role_serv:handle_cast:82 gen_server <0.600.0> terminated with reason: bad record role_info in role_serv:handle_cast/2 line 82
2018-03-12 17:15:07.310 [error] <0.600.0>@role_serv:handle_cast:82 CRASH REPORT Process <0.600.0> with 0 neighbours exited with reason: bad record role_info in role_serv:handle_cast/2 line 82 in gen_server:terminate/7 line 812
2018-03-12 17:22:33.079 [error] <0.602.0>@lib_login:logout CRASH REPORT Process <0.602.0> with 0 neighbours crashed with reason: call to undefined function lib_login:logout(<0.603.0>, "unexpected_message")
2018-03-12 17:22:33.079 [error] <0.138.0> Supervisor gb_tcp_client_sup had child gb_reader started with {gb_reader,start_link,undefined} at <0.602.0> exit with reason undef in context child_terminated
2018-03-12 17:22:34.189 [error] <0.599.0>@lib_login:logout CRASH REPORT Process <0.599.0> with 0 neighbours crashed with reason: call to undefined function lib_login:logout(<0.600.0>, "unexpected_message")
2018-03-12 17:22:34.189 [error] <0.138.0> Supervisor gb_tcp_client_sup had child gb_reader started with {gb_reader,start_link,undefined} at <0.599.0> exit with reason undef in context child_terminated
2018-03-12 17:22:49.455 [error] <0.605.0>@lib_login:logout CRASH REPORT Process <0.605.0> with 0 neighbours crashed with reason: call to undefined function lib_login:logout(<0.606.0>, "unexpected_message")
2018-03-12 17:22:49.455 [error] <0.138.0> Supervisor gb_tcp_client_sup had child gb_reader started with {gb_reader,start_link,undefined} at <0.605.0> exit with reason undef in context child_terminated
2018-03-12 17:22:59.973 [error] <0.608.0>@lib_login:logout CRASH REPORT Process <0.608.0> with 0 neighbours crashed with reason: call to undefined function lib_login:logout(<0.609.0>, "unexpected_message")
2018-03-12 17:22:59.973 [error] <0.138.0> Supervisor gb_tcp_client_sup had child gb_reader started with {gb_reader,start_link,undefined} at <0.608.0> exit with reason undef in context child_terminated
2018-03-12 17:23:58.293 [error] <0.636.0>@role_serv:handle_cast:82 gen_server <0.636.0> terminated with reason: bad record role_info in role_serv:handle_cast/2 line 82
2018-03-12 17:23:58.293 [error] <0.636.0>@role_serv:handle_cast:82 CRASH REPORT Process <0.636.0> with 0 neighbours exited with reason: bad record role_info in role_serv:handle_cast/2 line 82 in gen_server:terminate/7 line 812
2018-03-12 17:26:43.067 [error] <0.632.0>@lib_login:logout CRASH REPORT Process <0.632.0> with 0 neighbours crashed with reason: call to undefined function lib_login:logout(<0.633.0>, "unexpected_message")
2018-03-12 17:26:43.067 [error] <0.138.0> Supervisor gb_tcp_client_sup had child gb_reader started with {gb_reader,start_link,undefined} at <0.632.0> exit with reason undef in context child_terminated
2018-03-12 17:27:06.477 [error] <0.635.0>@lib_login:logout CRASH REPORT Process <0.635.0> with 0 neighbours crashed with reason: call to undefined function lib_login:logout(<0.636.0>, "unexpected_message")
2018-03-12 17:27:06.478 [error] <0.138.0> Supervisor gb_tcp_client_sup had child gb_reader started with {gb_reader,start_link,undefined} at <0.635.0> exit with reason undef in context child_terminated
2018-03-12 17:27:15.260 [error] <0.638.0>@lib_login:logout CRASH REPORT Process <0.638.0> with 0 neighbours crashed with reason: call to undefined function lib_login:logout(<0.639.0>, "unexpected_message")
2018-03-12 17:27:15.260 [error] <0.138.0> Supervisor gb_tcp_client_sup had child gb_reader started with {gb_reader,start_link,undefined} at <0.638.0> exit with reason undef in context child_terminated
2018-03-12 17:27:24.871 [error] <0.641.0>@lib_login:logout CRASH REPORT Process <0.641.0> with 0 neighbours crashed with reason: call to undefined function lib_login:logout(<0.642.0>, "unexpected_message")
2018-03-12 17:27:24.871 [error] <0.138.0> Supervisor gb_tcp_client_sup had child gb_reader started with {gb_reader,start_link,undefined} at <0.641.0> exit with reason undef in context child_terminated
2018-03-12 17:28:17.588 [error] <0.661.0>@role_serv:handle_cast:82 gen_server <0.661.0> terminated with reason: bad record role_info in role_serv:handle_cast/2 line 82
2018-03-12 17:28:17.589 [error] <0.661.0>@role_serv:handle_cast:82 CRASH REPORT Process <0.661.0> with 0 neighbours exited with reason: bad record role_info in role_serv:handle_cast/2 line 82 in gen_server:terminate/7 line 812
2018-03-12 17:29:53.458 [error] <0.657.0>@lib_login:logout CRASH REPORT Process <0.657.0> with 0 neighbours crashed with reason: call to undefined function lib_login:logout(<0.658.0>, "unexpected_message")
2018-03-12 17:29:53.458 [error] <0.138.0> Supervisor gb_tcp_client_sup had child gb_reader started with {gb_reader,start_link,undefined} at <0.657.0> exit with reason undef in context child_terminated
2018-03-12 17:29:55.050 [error] <0.654.0>@lib_login:logout CRASH REPORT Process <0.654.0> with 0 neighbours crashed with reason: call to undefined function lib_login:logout(<0.655.0>, "unexpected_message")
2018-03-12 17:29:55.051 [error] <0.138.0> Supervisor gb_tcp_client_sup had child gb_reader started with {gb_reader,start_link,undefined} at <0.654.0> exit with reason undef in context child_terminated
2018-03-12 17:30:11.224 [error] <0.660.0>@lib_login:logout CRASH REPORT Process <0.660.0> with 0 neighbours crashed with reason: call to undefined function lib_login:logout(<0.661.0>, "unexpected_message")
2018-03-12 17:30:11.224 [error] <0.138.0> Supervisor gb_tcp_client_sup had child gb_reader started with {gb_reader,start_link,undefined} at <0.660.0> exit with reason undef in context child_terminated
2018-03-12 17:30:20.794 [error] <0.663.0>@lib_login:logout CRASH REPORT Process <0.663.0> with 0 neighbours crashed with reason: call to undefined function lib_login:logout(<0.664.0>, "unexpected_message")
2018-03-12 17:30:20.794 [error] <0.138.0> Supervisor gb_tcp_client_sup had child gb_reader started with {gb_reader,start_link,undefined} at <0.663.0> exit with reason undef in context child_terminated
2018-03-12 17:31:12.061 [error] <0.672.0>@role_serv:handle_cast:82 gen_server <0.672.0> terminated with reason: bad record role_info in role_serv:handle_cast/2 line 82
2018-03-12 17:31:12.061 [error] <0.672.0>@role_serv:handle_cast:82 CRASH REPORT Process <0.672.0> with 0 neighbours exited with reason: bad record role_info in role_serv:handle_cast/2 line 82 in gen_server:terminate/7 line 812
2018-03-12 17:31:38.380 [error] <0.668.0>@lib_login:logout CRASH REPORT Process <0.668.0> with 0 neighbours crashed with reason: call to undefined function lib_login:logout(<0.669.0>, "unexpected_message")
2018-03-12 17:31:38.380 [error] <0.138.0> Supervisor gb_tcp_client_sup had child gb_reader started with {gb_reader,start_link,undefined} at <0.668.0> exit with reason undef in context child_terminated
2018-03-12 17:31:48.219 [error] <0.671.0>@lib_login:logout CRASH REPORT Process <0.671.0> with 0 neighbours crashed with reason: call to undefined function lib_login:logout(<0.672.0>, "unexpected_message")
2018-03-12 17:31:48.219 [error] <0.138.0> Supervisor gb_tcp_client_sup had child gb_reader started with {gb_reader,start_link,undefined} at <0.671.0> exit with reason undef in context child_terminated
2018-03-12 17:31:57.479 [error] <0.674.0>@lib_login:logout CRASH REPORT Process <0.674.0> with 0 neighbours crashed with reason: call to undefined function lib_login:logout(<0.675.0>, "unexpected_message")
2018-03-12 17:31:57.479 [error] <0.138.0> Supervisor gb_tcp_client_sup had child gb_reader started with {gb_reader,start_link,undefined} at <0.674.0> exit with reason undef in context child_terminated
2018-03-12 17:32:07.460 [error] <0.677.0>@lib_login:logout CRASH REPORT Process <0.677.0> with 0 neighbours crashed with reason: call to undefined function lib_login:logout(<0.678.0>, "unexpected_message")
2018-03-12 17:32:07.460 [error] <0.138.0> Supervisor gb_tcp_client_sup had child gb_reader started with {gb_reader,start_link,undefined} at <0.677.0> exit with reason undef in context child_terminated
2018-03-12 17:33:11.972 [error] <0.690.0>@lib_login:logout CRASH REPORT Process <0.690.0> with 0 neighbours crashed with reason: call to undefined function lib_login:logout(<0.691.0>, "unexpected_message")
2018-03-12 17:33:11.972 [error] <0.138.0> Supervisor gb_tcp_client_sup had child gb_reader started with {gb_reader,start_link,undefined} at <0.690.0> exit with reason undef in context child_terminated
2018-03-12 17:33:16.300 [error] <0.693.0>@lib_login:logout CRASH REPORT Process <0.693.0> with 0 neighbours crashed with reason: call to undefined function lib_login:logout(<0.694.0>, "unexpected_message")
2018-03-12 17:33:16.300 [error] <0.138.0> Supervisor gb_tcp_client_sup had child gb_reader started with {gb_reader,start_link,undefined} at <0.693.0> exit with reason undef in context child_terminated
2018-03-12 17:33:32.777 [error] <0.696.0>@lib_login:logout CRASH REPORT Process <0.696.0> with 0 neighbours crashed with reason: call to undefined function lib_login:logout(<0.697.0>, "unexpected_message")
2018-03-12 17:33:32.777 [error] <0.138.0> Supervisor gb_tcp_client_sup had child gb_reader started with {gb_reader,start_link,undefined} at <0.696.0> exit with reason undef in context child_terminated
2018-03-12 17:33:42.432 [error] <0.699.0>@lib_login:logout CRASH REPORT Process <0.699.0> with 0 neighbours crashed with reason: call to undefined function lib_login:logout(<0.700.0>, "unexpected_message")
2018-03-12 17:33:42.432 [error] <0.138.0> Supervisor gb_tcp_client_sup had child gb_reader started with {gb_reader,start_link,undefined} at <0.699.0> exit with reason undef in context child_terminated
2018-03-12 17:34:40.706 [error] <0.707.0>@role_serv:handle_cast:82 gen_server <0.707.0> terminated with reason: bad record role_info in role_serv:handle_cast/2 line 82
2018-03-12 17:34:40.706 [error] <0.707.0>@role_serv:handle_cast:82 CRASH REPORT Process <0.707.0> with 0 neighbours exited with reason: bad record role_info in role_serv:handle_cast/2 line 82 in gen_server:terminate/7 line 812
2018-03-13 13:01:56.645 [error] <0.158.0>@role_serv:handle_cast:82 gen_server <0.158.0> terminated with reason: bad record role_info in role_serv:handle_cast/2 line 82
2018-03-13 13:01:56.649 [error] <0.158.0>@role_serv:handle_cast:82 CRASH REPORT Process <0.158.0> with 0 neighbours exited with reason: bad record role_info in role_serv:handle_cast/2 line 82 in gen_server:terminate/7 line 812
2018-03-13 13:03:21.285 [error] <0.157.0>@lib_login:logout CRASH REPORT Process <0.157.0> with 0 neighbours crashed with reason: call to undefined function lib_login:logout(<0.158.0>, "unexpected_message")
2018-03-13 13:03:21.285 [error] <0.138.0> Supervisor gb_tcp_client_sup had child gb_reader started with {gb_reader,start_link,undefined} at <0.157.0> exit with reason undef in context child_terminated
2018-03-13 13:03:25.844 [error] <0.160.0>@lib_login:logout CRASH REPORT Process <0.160.0> with 0 neighbours crashed with reason: call to undefined function lib_login:logout(<0.161.0>, "unexpected_message")
2018-03-13 13:03:25.844 [error] <0.138.0> Supervisor gb_tcp_client_sup had child gb_reader started with {gb_reader,start_link,undefined} at <0.160.0> exit with reason undef in context child_terminated
2018-03-13 13:03:29.892 [error] <0.163.0>@lib_login:logout CRASH REPORT Process <0.163.0> with 0 neighbours crashed with reason: call to undefined function lib_login:logout(<0.164.0>, "unexpected_message")
2018-03-13 13:03:29.892 [error] <0.138.0> Supervisor gb_tcp_client_sup had child gb_reader started with {gb_reader,start_link,undefined} at <0.163.0> exit with reason undef in context child_terminated
2018-03-13 13:06:33.274 [error] <0.154.0>@lib_login:logout CRASH REPORT Process <0.154.0> with 0 neighbours crashed with reason: call to undefined function lib_login:logout(<0.156.0>, "unexpected_message")
2018-03-13 13:06:33.274 [error] <0.138.0> Supervisor gb_tcp_client_sup had child gb_reader started with {gb_reader,start_link,undefined} at <0.154.0> exit with reason undef in context child_terminated
2018-03-13 13:07:53.339 [error] <0.187.0>@role_serv:handle_cast:82 gen_server <0.187.0> terminated with reason: bad record role_info in role_serv:handle_cast/2 line 82
2018-03-13 13:07:53.339 [error] <0.187.0>@role_serv:handle_cast:82 CRASH REPORT Process <0.187.0> with 0 neighbours exited with reason: bad record role_info in role_serv:handle_cast/2 line 82 in gen_server:terminate/7 line 812
2018-03-13 13:12:16.734 [error] <0.186.0>@lib_login:logout CRASH REPORT Process <0.186.0> with 0 neighbours crashed with reason: call to undefined function lib_login:logout(<0.187.0>, "unexpected_message")
2018-03-13 13:12:16.734 [error] <0.138.0> Supervisor gb_tcp_client_sup had child gb_reader started with {gb_reader,start_link,undefined} at <0.186.0> exit with reason undef in context child_terminated
2018-03-13 13:12:19.337 [error] <0.183.0>@lib_login:logout CRASH REPORT Process <0.183.0> with 0 neighbours crashed with reason: call to undefined function lib_login:logout(<0.184.0>, "unexpected_message")
2018-03-13 13:12:19.337 [error] <0.138.0> Supervisor gb_tcp_client_sup had child gb_reader started with {gb_reader,start_link,undefined} at <0.183.0> exit with reason undef in context child_terminated
2018-03-13 13:29:42.873 [error] <0.177.0>@lib_login:logout CRASH REPORT Process <0.177.0> with 0 neighbours crashed with reason: call to undefined function lib_login:logout(<0.178.0>, "unexpected_message")
2018-03-13 13:29:42.873 [error] <0.138.0> Supervisor gb_tcp_client_sup had child gb_reader started with {gb_reader,start_link,undefined} at <0.177.0> exit with reason undef in context child_terminated
2018-03-13 13:50:27.367 [error] <0.180.0> CRASH REPORT Process <0.180.0> with 0 neighbours exited with reason: {unexpected_message,{inet_async,#Port<0.4268>,2532,{error,closed}}} in gb_reader:login_lost/4 line 160
2018-03-13 13:50:27.367 [error] <0.138.0> Supervisor gb_tcp_client_sup had child gb_reader started with {gb_reader,start_link,undefined} at <0.180.0> exit with reason {unexpected_message,{inet_async,#Port<0.4268>,2532,{error,closed}}} in context child_terminated
2018-03-13 13:52:13.364 [error] <0.213.0>@role_serv:handle_cast:82 gen_server <0.213.0> terminated with reason: bad record role_info in role_serv:handle_cast/2 line 82
2018-03-13 13:52:13.364 [error] <0.213.0>@role_serv:handle_cast:82 CRASH REPORT Process <0.213.0> with 0 neighbours exited with reason: bad record role_info in role_serv:handle_cast/2 line 82 in gen_server:terminate/7 line 812
2018-03-13 13:53:43.370 [error] <0.212.0>@lib_login:logout CRASH REPORT Process <0.212.0> with 0 neighbours crashed with reason: call to undefined function lib_login:logout(<0.213.0>, "unexpected_message")
2018-03-13 13:53:43.370 [error] <0.138.0> Supervisor gb_tcp_client_sup had child gb_reader started with {gb_reader,start_link,undefined} at <0.212.0> exit with reason undef in context child_terminated
2018-03-13 13:53:46.200 [error] <0.215.0>@lib_login:logout CRASH REPORT Process <0.215.0> with 0 neighbours crashed with reason: call to undefined function lib_login:logout(<0.216.0>, "unexpected_message")
2018-03-13 13:53:46.200 [error] <0.138.0> Supervisor gb_tcp_client_sup had child gb_reader started with {gb_reader,start_link,undefined} at <0.215.0> exit with reason undef in context child_terminated
2018-03-13 13:55:19.407 [error] <0.230.0>@role_serv:handle_cast:82 gen_server <0.230.0> terminated with reason: bad record role_info in role_serv:handle_cast/2 line 82
2018-03-13 13:55:19.407 [error] <0.230.0>@role_serv:handle_cast:82 CRASH REPORT Process <0.230.0> with 0 neighbours exited with reason: bad record role_info in role_serv:handle_cast/2 line 82 in gen_server:terminate/7 line 812
2018-03-13 14:04:23.148 [error] <0.229.0>@lib_login:logout CRASH REPORT Process <0.229.0> with 0 neighbours crashed with reason: call to undefined function lib_login:logout(<0.230.0>, "unexpected_message")
2018-03-13 14:04:23.148 [error] <0.138.0> Supervisor gb_tcp_client_sup had child gb_reader started with {gb_reader,start_link,undefined} at <0.229.0> exit with reason undef in context child_terminated
2018-03-13 14:04:50.392 [error] <0.232.0>@lib_login:logout CRASH REPORT Process <0.232.0> with 0 neighbours crashed with reason: call to undefined function lib_login:logout(<0.233.0>, "unexpected_message")
2018-03-13 14:04:50.393 [error] <0.138.0> Supervisor gb_tcp_client_sup had child gb_reader started with {gb_reader,start_link,undefined} at <0.232.0> exit with reason undef in context child_terminated
2018-03-13 14:05:30.386 [error] <0.248.0>@role_serv:handle_cast:82 gen_server <0.248.0> terminated with reason: bad record role_info in role_serv:handle_cast/2 line 82
2018-03-13 14:05:30.386 [error] <0.248.0>@role_serv:handle_cast:82 CRASH REPORT Process <0.248.0> with 0 neighbours exited with reason: bad record role_info in role_serv:handle_cast/2 line 82 in gen_server:terminate/7 line 812
2018-03-13 14:05:37.246 [error] <0.250.0>@lib_login:logout CRASH REPORT Process <0.250.0> with 0 neighbours crashed with reason: call to undefined function lib_login:logout(<0.251.0>, "unexpected_message")
2018-03-13 14:05:37.246 [error] <0.138.0> Supervisor gb_tcp_client_sup had child gb_reader started with {gb_reader,start_link,undefined} at <0.250.0> exit with reason undef in context child_terminated
2018-03-13 14:05:37.492 [error] <0.247.0>@lib_login:logout CRASH REPORT Process <0.247.0> with 0 neighbours crashed with reason: call to undefined function lib_login:logout(<0.248.0>, "unexpected_message")
2018-03-13 14:05:37.492 [error] <0.138.0> Supervisor gb_tcp_client_sup had child gb_reader started with {gb_reader,start_link,undefined} at <0.247.0> exit with reason undef in context child_terminated
2018-03-13 14:06:13.551 [error] <0.255.0>@role_serv:handle_cast:82 gen_server <0.255.0> terminated with reason: bad record role_info in role_serv:handle_cast/2 line 82
2018-03-13 14:06:13.551 [error] <0.255.0>@role_serv:handle_cast:82 CRASH REPORT Process <0.255.0> with 0 neighbours exited with reason: bad record role_info in role_serv:handle_cast/2 line 82 in gen_server:terminate/7 line 812
2018-03-13 14:06:30.000 [error] <0.254.0>@lib_login:logout CRASH REPORT Process <0.254.0> with 0 neighbours crashed with reason: call to undefined function lib_login:logout(<0.255.0>, "unexpected_message")
2018-03-13 14:06:30.000 [error] <0.138.0> Supervisor gb_tcp_client_sup had child gb_reader started with {gb_reader,start_link,undefined} at <0.254.0> exit with reason undef in context child_terminated
2018-03-13 14:06:32.072 [error] <0.257.0>@lib_login:logout CRASH REPORT Process <0.257.0> with 0 neighbours crashed with reason: call to undefined function lib_login:logout(<0.258.0>, "unexpected_message")
2018-03-13 14:06:32.072 [error] <0.138.0> Supervisor gb_tcp_client_sup had child gb_reader started with {gb_reader,start_link,undefined} at <0.257.0> exit with reason undef in context child_terminated
2018-03-13 14:07:22.951 [error] <0.271.0>@role_serv:handle_cast:82 gen_server <0.271.0> terminated with reason: bad record role_info in role_serv:handle_cast/2 line 82
2018-03-13 14:07:22.951 [error] <0.271.0>@role_serv:handle_cast:82 CRASH REPORT Process <0.271.0> with 0 neighbours exited with reason: bad record role_info in role_serv:handle_cast/2 line 82 in gen_server:terminate/7 line 812
2018-03-13 14:08:38.611 [error] <0.273.0>@lib_login:logout CRASH REPORT Process <0.273.0> with 0 neighbours crashed with reason: call to undefined function lib_login:logout(<0.274.0>, "unexpected_message")
2018-03-13 14:08:38.611 [error] <0.138.0> Supervisor gb_tcp_client_sup had child gb_reader started with {gb_reader,start_link,undefined} at <0.273.0> exit with reason undef in context child_terminated
2018-03-13 14:08:39.317 [error] <0.270.0>@lib_login:logout CRASH REPORT Process <0.270.0> with 0 neighbours crashed with reason: call to undefined function lib_login:logout(<0.271.0>, "unexpected_message")
2018-03-13 14:08:39.317 [error] <0.138.0> Supervisor gb_tcp_client_sup had child gb_reader started with {gb_reader,start_link,undefined} at <0.270.0> exit with reason undef in context child_terminated
2018-03-13 14:09:36.862 [error] <0.278.0>@role_serv:handle_cast:82 gen_server <0.278.0> terminated with reason: bad record role_info in role_serv:handle_cast/2 line 82
2018-03-13 14:09:36.862 [error] <0.278.0>@role_serv:handle_cast:82 CRASH REPORT Process <0.278.0> with 0 neighbours exited with reason: bad record role_info in role_serv:handle_cast/2 line 82 in gen_server:terminate/7 line 812
2018-03-13 14:57:18.023 [error] <0.143.0>@db_util:do:93 CRASH REPORT Process <0.143.0> with 0 neighbours exited with reason: no match of right hand value {aborted,{no_exists,account}} in db_util:do/1 line 93 in gen_server:init_it/6 line 352
2018-03-13 14:57:18.024 [error] <0.91.0>@gb_network:start_id:63 CRASH REPORT Process <0.91.0> with 0 neighbours exited with reason: no match of right hand value {error,{{{badmatch,{aborted,{no_exists,account}}},[{db_util,do,1,[{file,"src/db/db_util.erl"},{line,93}]},{id_serv,init,1,[{file,"src/serv/id_serv.erl"},{line,28}]},{gen_server,init_it,6,[{file,"gen_server.erl"},{line,328}]},{proc_lib,init_p_do_apply,3,[{file,"proc_lib.erl"},{line,247}]}]},{child,undefined,id_serv,{id_serv,start_link,[]},permanent,10000,supervisor,[id_serv]}}} in gb_network:start_id/0 line 63 in application_master:init/4 line 134
2018-03-13 14:58:31.501 [error] <0.160.0>@lib_fight:-is_win/1-fun-2-:92 gen_server <0.160.0> terminated with reason: no match of right hand value {fight_info,1,{1520,924299,521800},420162,175,22000,0,1,-899999,1,<0.156.0>,#Port<0.4100>} in lib_fight:'-is_win/1-fun-2-'/3 line 92
2018-03-13 14:58:31.527 [error] <0.160.0>@lib_fight:-is_win/1-fun-2-:92 CRASH REPORT Process <0.160.0> with 0 neighbours exited with reason: no match of right hand value {fight_info,1,{1520,924299,521800},420162,175,22000,0,1,-899999,1,<0.156.0>,#Port<0.4100>} in lib_fight:'-is_win/1-fun-2-'/3 line 92 in gen_server:terminate/7 line 812
2018-03-13 15:00:25.975 [error] <0.154.0>@lib_login:logout CRASH REPORT Process <0.154.0> with 0 neighbours crashed with reason: call to undefined function lib_login:logout(<0.156.0>, "unexpected_message")
2018-03-13 15:00:25.975 [error] <0.138.0> Supervisor gb_tcp_client_sup had child gb_reader started with {gb_reader,start_link,undefined} at <0.154.0> exit with reason undef in context child_terminated
2018-03-13 15:00:28.099 [error] <0.157.0>@lib_login:logout CRASH REPORT Process <0.157.0> with 0 neighbours crashed with reason: call to undefined function lib_login:logout(<0.158.0>, "unexpected_message")
2018-03-13 15:00:28.100 [error] <0.138.0> Supervisor gb_tcp_client_sup had child gb_reader started with {gb_reader,start_link,undefined} at <0.157.0> exit with reason undef in context child_terminated
2018-03-13 15:02:07.951 [error] <0.176.0>@lib_fight:-is_win/1-fun-2-:92 gen_server <0.176.0> terminated with reason: no match of right hand value {fight_info,1,{1520,924517,865631},355533,174,22000,0,1,-899999,0,<0.171.0>,#Port<0.4265>} in lib_fight:'-is_win/1-fun-2-'/3 line 92
2018-03-13 15:02:07.952 [error] <0.176.0>@lib_fight:-is_win/1-fun-2-:92 CRASH REPORT Process <0.176.0> with 0 neighbours exited with reason: no match of right hand value {fight_info,1,{1520,924517,865631},355533,174,22000,0,1,-899999,0,<0.171.0>,#Port<0.4265>} in lib_fight:'-is_win/1-fun-2-'/3 line 92 in gen_server:terminate/7 line 812
2018-03-13 15:02:36.876 [error] <0.170.0>@lib_login:logout CRASH REPORT Process <0.170.0> with 0 neighbours crashed with reason: call to undefined function lib_login:logout(<0.171.0>, "unexpected_message")
2018-03-13 15:02:36.876 [error] <0.138.0> Supervisor gb_tcp_client_sup had child gb_reader started with {gb_reader,start_link,undefined} at <0.170.0> exit with reason undef in context child_terminated
2018-03-13 15:02:38.387 [error] <0.173.0>@lib_login:logout CRASH REPORT Process <0.173.0> with 0 neighbours crashed with reason: call to undefined function lib_login:logout(<0.174.0>, "unexpected_message")
2018-03-13 15:02:38.387 [error] <0.138.0> Supervisor gb_tcp_client_sup had child gb_reader started with {gb_reader,start_link,undefined} at <0.173.0> exit with reason undef in context child_terminated
2018-03-13 15:03:29.839 [error] <0.183.0>@lib_fight:-is_win/1-fun-2-:92 gen_server <0.183.0> terminated with reason: no match of right hand value {fight_info,1,{1520,924599,430531},124482,175,22000,0,1,-899999,1,<0.178.0>,#Port<0.4267>} in lib_fight:'-is_win/1-fun-2-'/3 line 92
2018-03-13 15:03:29.839 [error] <0.183.0>@lib_fight:-is_win/1-fun-2-:92 CRASH REPORT Process <0.183.0> with 0 neighbours exited with reason: no match of right hand value {fight_info,1,{1520,924599,430531},124482,175,22000,0,1,-899999,1,<0.178.0>,#Port<0.4267>} in lib_fight:'-is_win/1-fun-2-'/3 line 92 in gen_server:terminate/7 line 812
2018-03-13 15:04:52.598 [error] <0.147.0>@db_util:do:93 CRASH REPORT Process <0.147.0> with 0 neighbours exited with reason: no match of right hand value {aborted,{no_exists,account}} in db_util:do/1 line 93 in gen_server:init_it/6 line 352
2018-03-13 15:04:52.599 [error] <0.91.0>@gb_network:start_id:63 CRASH REPORT Process <0.91.0> with 0 neighbours exited with reason: no match of right hand value {error,{{{badmatch,{aborted,{no_exists,account}}},[{db_util,do,1,[{file,"src/db/db_util.erl"},{line,93}]},{id_serv,init,1,[{file,"src/serv/id_serv.erl"},{line,28}]},{gen_server,init_it,6,[{file,"gen_server.erl"},{line,328}]},{proc_lib,init_p_do_apply,3,[{file,"proc_lib.erl"},{line,247}]}]},{child,undefined,id_serv,{id_serv,start_link,[]},permanent,10000,supervisor,[id_serv]}}} in gb_network:start_id/0 line 63 in application_master:init/4 line 134
2018-03-13 15:06:03.459 [error] <0.160.0>@lib_fight:-is_win/1-fun-2-:92 gen_server <0.160.0> terminated with reason: no match of right hand value {fight_info,1,{1520,924753,649331},593238,218,22000,0,1,-899999,1,<0.156.0>,#Port<0.4100>} in lib_fight:'-is_win/1-fun-2-'/3 line 92
2018-03-13 15:06:03.484 [error] <0.160.0>@lib_fight:-is_win/1-fun-2-:92 CRASH REPORT Process <0.160.0> with 0 neighbours exited with reason: no match of right hand value {fight_info,1,{1520,924753,649331},593238,218,22000,0,1,-899999,1,<0.156.0>,#Port<0.4100>} in lib_fight:'-is_win/1-fun-2-'/3 line 92 in gen_server:terminate/7 line 812
2018-03-13 15:09:36.976 [error] <0.157.0>@lib_login:logout CRASH REPORT Process <0.157.0> with 0 neighbours crashed with reason: call to undefined function lib_login:logout(<0.158.0>, "unexpected_message")
2018-03-13 15:09:36.976 [error] <0.138.0> Supervisor gb_tcp_client_sup had child gb_reader started with {gb_reader,start_link,undefined} at <0.157.0> exit with reason undef in context child_terminated
2018-03-13 15:09:38.673 [error] <0.154.0>@lib_login:logout CRASH REPORT Process <0.154.0> with 0 neighbours crashed with reason: call to undefined function lib_login:logout(<0.156.0>, "unexpected_message")
2018-03-13 15:09:38.673 [error] <0.138.0> Supervisor gb_tcp_client_sup had child gb_reader started with {gb_reader,start_link,undefined} at <0.154.0> exit with reason undef in context child_terminated
2018-03-13 15:13:46.699 [error] <0.177.0>@lib_fight:-is_win/1-fun-2-:92 gen_server <0.177.0> terminated with reason: no match of right hand value {fight_info,1,{1520,925215,468200},292167,174,22000,0,1,-899999,1,<0.172.0>,#Port<0.4265>} in lib_fight:'-is_win/1-fun-2-'/3 line 92
2018-03-13 15:13:46.699 [error] <0.177.0>@lib_fight:-is_win/1-fun-2-:92 CRASH REPORT Process <0.177.0> with 0 neighbours exited with reason: no match of right hand value {fight_info,1,{1520,925215,468200},292167,174,22000,0,1,-899999,1,<0.172.0>,#Port<0.4265>} in lib_fight:'-is_win/1-fun-2-'/3 line 92 in gen_server:terminate/7 line 812
2018-03-13 15:15:01.365 [error] <0.174.0>@lib_login:logout CRASH REPORT Process <0.174.0> with 0 neighbours crashed with reason: call to undefined function lib_login:logout(<0.175.0>, "unexpected_message")
2018-03-13 15:15:01.366 [error] <0.138.0> Supervisor gb_tcp_client_sup had child gb_reader started with {gb_reader,start_link,undefined} at <0.174.0> exit with reason undef in context child_terminated
2018-03-13 15:15:02.222 [error] <0.171.0>@lib_login:logout CRASH REPORT Process <0.171.0> with 0 neighbours crashed with reason: call to undefined function lib_login:logout(<0.172.0>, "unexpected_message")
2018-03-13 15:15:02.222 [error] <0.138.0> Supervisor gb_tcp_client_sup had child gb_reader started with {gb_reader,start_link,undefined} at <0.171.0> exit with reason undef in context child_terminated
2018-03-13 15:15:44.916 [error] <0.193.0>@lib_fight:-is_win/1-fun-2-:92 gen_server <0.193.0> terminated with reason: no match of right hand value {fight_info,1,{1520,925333,321585},309121,175,22000,0,1,-899999,1,<0.188.0>,#Port<0.4275>} in lib_fight:'-is_win/1-fun-2-'/3 line 92
2018-03-13 15:15:44.916 [error] <0.193.0>@lib_fight:-is_win/1-fun-2-:92 CRASH REPORT Process <0.193.0> with 0 neighbours exited with reason: no match of right hand value {fight_info,1,{1520,925333,321585},309121,175,22000,0,1,-899999,1,<0.188.0>,#Port<0.4275>} in lib_fight:'-is_win/1-fun-2-'/3 line 92 in gen_server:terminate/7 line 812
2018-03-13 15:17:59.604 [error] <0.143.0>@db_util:do:93 CRASH REPORT Process <0.143.0> with 0 neighbours exited with reason: no match of right hand value {aborted,{no_exists,account}} in db_util:do/1 line 93 in gen_server:init_it/6 line 352
2018-03-13 15:17:59.605 [error] <0.91.0>@gb_network:start_id:63 CRASH REPORT Process <0.91.0> with 0 neighbours exited with reason: no match of right hand value {error,{{{badmatch,{aborted,{no_exists,account}}},[{db_util,do,1,[{file,"src/db/db_util.erl"},{line,93}]},{id_serv,init,1,[{file,"src/serv/id_serv.erl"},{line,28}]},{gen_server,init_it,6,[{file,"gen_server.erl"},{line,328}]},{proc_lib,init_p_do_apply,3,[{file,"proc_lib.erl"},{line,247}]}]},{child,undefined,id_serv,{id_serv,start_link,[]},permanent,10000,supervisor,[id_serv]}}} in gb_network:start_id/0 line 63 in application_master:init/4 line 134
2018-03-13 15:18:42.458 [error] <0.160.0>@lib_fight:-update_win/1-fun-2-:77 gen_server <0.160.0> terminated with reason: no match of right hand value {fight_info,1,{1520,925511,279927},149139,174,22000,0,1,-899999,1,<0.156.0>,#Port<0.4100>} in lib_fight:'-update_win/1-fun-2-'/4 line 77
2018-03-13 15:18:42.461 [error] <0.160.0>@lib_fight:-update_win/1-fun-2-:77 CRASH REPORT Process <0.160.0> with 0 neighbours exited with reason: no match of right hand value {fight_info,1,{1520,925511,279927},149139,174,22000,0,1,-899999,1,<0.156.0>,#Port<0.4100>} in lib_fight:'-update_win/1-fun-2-'/4 line 77 in gen_server:terminate/7 line 812
2018-03-13 15:26:22.367 [error] <0.164.0>@role_serv:handle_cast:82 gen_server <0.164.0> terminated with reason: bad record role_info in role_serv:handle_cast/2 line 82
2018-03-13 15:26:22.369 [error] <0.164.0>@role_serv:handle_cast:82 CRASH REPORT Process <0.164.0> with 0 neighbours exited with reason: bad record role_info in role_serv:handle_cast/2 line 82 in gen_server:terminate/7 line 812
2018-03-13 15:28:26.571 [error] <0.165.0>@lib_login:logout CRASH REPORT Process <0.165.0> with 0 neighbours crashed with reason: call to undefined function lib_login:logout(<0.166.0>, "unexpected_message")
2018-03-13 15:28:26.571 [error] <0.138.0> Supervisor gb_tcp_client_sup had child gb_reader started with {gb_reader,start_link,undefined} at <0.165.0> exit with reason undef in context child_terminated
2018-03-13 15:28:27.282 [error] <0.162.0>@lib_login:logout CRASH REPORT Process <0.162.0> with 0 neighbours crashed with reason: call to undefined function lib_login:logout(<0.164.0>, "unexpected_message")
2018-03-13 15:28:27.282 [error] <0.138.0> Supervisor gb_tcp_client_sup had child gb_reader started with {gb_reader,start_link,undefined} at <0.162.0> exit with reason undef in context child_terminated
2018-03-13 15:29:35.763 [error] <0.179.0>@role_serv:handle_cast:82 gen_server <0.179.0> terminated with reason: bad record role_info in role_serv:handle_cast/2 line 82
2018-03-13 15:29:35.763 [error] <0.179.0>@role_serv:handle_cast:82 CRASH REPORT Process <0.179.0> with 0 neighbours exited with reason: bad record role_info in role_serv:handle_cast/2 line 82 in gen_server:terminate/7 line 812
2018-03-13 15:31:29.489 [error] <0.178.0>@lib_login:logout CRASH REPORT Process <0.178.0> with 0 neighbours crashed with reason: call to undefined function lib_login:logout(<0.179.0>, "unexpected_message")
2018-03-13 15:31:29.489 [error] <0.138.0> Supervisor gb_tcp_client_sup had child gb_reader started with {gb_reader,start_link,undefined} at <0.178.0> exit with reason undef in context child_terminated
2018-03-13 15:31:39.597 [error] <0.181.0>@lib_login:logout CRASH REPORT Process <0.181.0> with 0 neighbours crashed with reason: call to undefined function lib_login:logout(<0.182.0>, "unexpected_message")
2018-03-13 15:31:39.598 [error] <0.138.0> Supervisor gb_tcp_client_sup had child gb_reader started with {gb_reader,start_link,undefined} at <0.181.0> exit with reason undef in context child_terminated
2018-03-13 15:32:53.092 [error] <0.195.0>@role_serv:handle_cast:82 gen_server <0.195.0> terminated with reason: bad record role_info in role_serv:handle_cast/2 line 82
2018-03-13 15:32:53.092 [error] <0.195.0>@role_serv:handle_cast:82 CRASH REPORT Process <0.195.0> with 0 neighbours exited with reason: bad record role_info in role_serv:handle_cast/2 line 82 in gen_server:terminate/7 line 812
2018-03-13 15:33:19.222 [error] <0.194.0>@lib_login:logout CRASH REPORT Process <0.194.0> with 0 neighbours crashed with reason: call to undefined function lib_login:logout(<0.195.0>, "unexpected_message")
2018-03-13 15:33:19.222 [error] <0.138.0> Supervisor gb_tcp_client_sup had child gb_reader started with {gb_reader,start_link,undefined} at <0.194.0> exit with reason undef in context child_terminated
2018-03-13 15:33:26.063 [error] <0.197.0>@lib_login:logout CRASH REPORT Process <0.197.0> with 0 neighbours crashed with reason: call to undefined function lib_login:logout(<0.198.0>, "unexpected_message")
2018-03-13 15:33:26.063 [error] <0.138.0> Supervisor gb_tcp_client_sup had child gb_reader started with {gb_reader,start_link,undefined} at <0.197.0> exit with reason undef in context child_terminated
2018-03-13 15:34:31.262 [error] <0.202.0>@role_serv:handle_cast:82 gen_server <0.202.0> terminated with reason: bad record role_info in role_serv:handle_cast/2 line 82
2018-03-13 15:34:31.262 [error] <0.202.0>@role_serv:handle_cast:82 CRASH REPORT Process <0.202.0> with 0 neighbours exited with reason: bad record role_info in role_serv:handle_cast/2 line 82 in gen_server:terminate/7 line 812
2018-03-13 15:36:37.077 [error] <0.201.0>@lib_login:logout CRASH REPORT Process <0.201.0> with 0 neighbours crashed with reason: call to undefined function lib_login:logout(<0.202.0>, "unexpected_message")
2018-03-13 15:36:37.077 [error] <0.138.0> Supervisor gb_tcp_client_sup had child gb_reader started with {gb_reader,start_link,undefined} at <0.201.0> exit with reason undef in context child_terminated
2018-03-13 15:36:40.211 [error] <0.204.0>@lib_login:logout CRASH REPORT Process <0.204.0> with 0 neighbours crashed with reason: call to undefined function lib_login:logout(<0.205.0>, "unexpected_message")
2018-03-13 15:36:40.211 [error] <0.138.0> Supervisor gb_tcp_client_sup had child gb_reader started with {gb_reader,start_link,undefined} at <0.204.0> exit with reason undef in context child_terminated
2018-03-13 15:37:32.077 [error] <0.221.0>@role_serv:handle_cast:82 gen_server <0.221.0> terminated with reason: bad record role_info in role_serv:handle_cast/2 line 82
2018-03-13 15:37:32.077 [error] <0.221.0>@role_serv:handle_cast:82 CRASH REPORT Process <0.221.0> with 0 neighbours exited with reason: bad record role_info in role_serv:handle_cast/2 line 82 in gen_server:terminate/7 line 812
2018-03-13 15:43:23.098 [error] <0.217.0>@lib_login:logout CRASH REPORT Process <0.217.0> with 0 neighbours crashed with reason: call to undefined function lib_login:logout(<0.218.0>, "unexpected_message")
2018-03-13 15:43:23.098 [error] <0.138.0> Supervisor gb_tcp_client_sup had child gb_reader started with {gb_reader,start_link,undefined} at <0.217.0> exit with reason undef in context child_terminated
2018-03-13 15:45:34.304 [error] <0.220.0>@lib_login:logout CRASH REPORT Process <0.220.0> with 0 neighbours crashed with reason: call to undefined function lib_login:logout(<0.221.0>, "unexpected_message")
2018-03-13 15:45:34.304 [error] <0.138.0> Supervisor gb_tcp_client_sup had child gb_reader started with {gb_reader,start_link,undefined} at <0.220.0> exit with reason undef in context child_terminated
2018-03-13 15:46:53.960 [error] <0.244.0>@role_serv:handle_cast:82 gen_server <0.244.0> terminated with reason: bad record role_info in role_serv:handle_cast/2 line 82
2018-03-13 15:46:53.960 [error] <0.244.0>@role_serv:handle_cast:82 CRASH REPORT Process <0.244.0> with 0 neighbours exited with reason: bad record role_info in role_serv:handle_cast/2 line 82 in gen_server:terminate/7 line 812
2018-03-13 15:47:52.924 [error] <0.246.0>@lib_login:logout CRASH REPORT Process <0.246.0> with 0 neighbours crashed with reason: call to undefined function lib_login:logout(<0.247.0>, "unexpected_message")
2018-03-13 15:47:52.924 [error] <0.138.0> Supervisor gb_tcp_client_sup had child gb_reader started with {gb_reader,start_link,undefined} at <0.246.0> exit with reason undef in context child_terminated
2018-03-13 15:47:53.237 [error] <0.243.0>@lib_login:logout CRASH REPORT Process <0.243.0> with 0 neighbours crashed with reason: call to undefined function lib_login:logout(<0.244.0>, "unexpected_message")
2018-03-13 15:47:53.237 [error] <0.138.0> Supervisor gb_tcp_client_sup had child gb_reader started with {gb_reader,start_link,undefined} at <0.243.0> exit with reason undef in context child_terminated
2018-03-13 15:48:55.886 [error] <0.252.0>@role_serv:handle_cast:82 gen_server <0.252.0> terminated with reason: bad record role_info in role_serv:handle_cast/2 line 82
2018-03-13 15:48:55.886 [error] <0.252.0>@role_serv:handle_cast:82 CRASH REPORT Process <0.252.0> with 0 neighbours exited with reason: bad record role_info in role_serv:handle_cast/2 line 82 in gen_server:terminate/7 line 812
2018-03-13 15:52:24.517 [error] <0.251.0>@lib_login:logout CRASH REPORT Process <0.251.0> with 0 neighbours crashed with reason: call to undefined function lib_login:logout(<0.252.0>, "unexpected_message")
2018-03-13 15:52:24.518 [error] <0.138.0> Supervisor gb_tcp_client_sup had child gb_reader started with {gb_reader,start_link,undefined} at <0.251.0> exit with reason undef in context child_terminated
2018-03-13 15:52:25.153 [error] <0.254.0>@lib_login:logout CRASH REPORT Process <0.254.0> with 0 neighbours crashed with reason: call to undefined function lib_login:logout(<0.255.0>, "unexpected_message")
2018-03-13 15:52:25.153 [error] <0.138.0> Supervisor gb_tcp_client_sup had child gb_reader started with {gb_reader,start_link,undefined} at <0.254.0> exit with reason undef in context child_terminated
2018-03-13 15:53:20.498 [error] <0.269.0>@role_serv:handle_cast:82 gen_server <0.269.0> terminated with reason: bad record role_info in role_serv:handle_cast/2 line 82
2018-03-13 15:53:20.499 [error] <0.269.0>@role_serv:handle_cast:82 CRASH REPORT Process <0.269.0> with 0 neighbours exited with reason: bad record role_info in role_serv:handle_cast/2 line 82 in gen_server:terminate/7 line 812
2018-03-13 16:27:16.334 [error] <0.268.0> CRASH REPORT Process <0.268.0> with 0 neighbours exited with reason: {unexpected_message,{inet_async,#Port<0.4323>,7136,{error,closed}}} in gb_reader:login_lost/4 line 160
2018-03-13 16:27:16.334 [error] <0.138.0> Supervisor gb_tcp_client_sup had child gb_reader started with {gb_reader,start_link,undefined} at <0.268.0> exit with reason {unexpected_message,{inet_async,#Port<0.4323>,7136,{error,closed}}} in context child_terminated
2018-03-13 16:30:18.096 [error] <0.271.0> CRASH REPORT Process <0.271.0> with 0 neighbours exited with reason: {unexpected_message,{inet_async,#Port<0.4324>,7137,{error,closed}}} in gb_reader:login_lost/4 line 160
2018-03-13 16:30:18.096 [error] <0.138.0> Supervisor gb_tcp_client_sup had child gb_reader started with {gb_reader,start_link,undefined} at <0.271.0> exit with reason {unexpected_message,{inet_async,#Port<0.4324>,7137,{error,closed}}} in context child_terminated
2018-03-13 16:30:43.564 [error] <0.296.0>@role_serv:handle_cast:82 gen_server <0.296.0> terminated with reason: bad record role_info in role_serv:handle_cast/2 line 82
2018-03-13 16:30:43.564 [error] <0.296.0>@role_serv:handle_cast:82 CRASH REPORT Process <0.296.0> with 0 neighbours exited with reason: bad record role_info in role_serv:handle_cast/2 line 82 in gen_server:terminate/7 line 812
2018-03-13 16:31:41.352 [error] <0.295.0>@lib_login:logout CRASH REPORT Process <0.295.0> with 0 neighbours crashed with reason: call to undefined function lib_login:logout(<0.296.0>, "unexpected_message")
2018-03-13 16:31:41.352 [error] <0.138.0> Supervisor gb_tcp_client_sup had child gb_reader started with {gb_reader,start_link,undefined} at <0.295.0> exit with reason undef in context child_terminated
2018-03-13 16:31:43.165 [error] <0.298.0>@lib_login:logout CRASH REPORT Process <0.298.0> with 0 neighbours crashed with reason: call to undefined function lib_login:logout(<0.299.0>, "unexpected_message")
2018-03-13 16:31:43.165 [error] <0.138.0> Supervisor gb_tcp_client_sup had child gb_reader started with {gb_reader,start_link,undefined} at <0.298.0> exit with reason undef in context child_terminated
2018-03-13 16:32:41.429 [error] <0.312.0>@role_serv:handle_cast:82 gen_server <0.312.0> terminated with reason: bad record role_info in role_serv:handle_cast/2 line 82
2018-03-13 16:32:41.430 [error] <0.312.0>@role_serv:handle_cast:82 CRASH REPORT Process <0.312.0> with 0 neighbours exited with reason: bad record role_info in role_serv:handle_cast/2 line 82 in gen_server:terminate/7 line 812
2018-03-13 16:45:01.823 [error] <0.311.0>@lib_login:logout CRASH REPORT Process <0.311.0> with 0 neighbours crashed with reason: call to undefined function lib_login:logout(<0.312.0>, "unexpected_message")
2018-03-13 16:45:01.823 [error] <0.138.0> Supervisor gb_tcp_client_sup had child gb_reader started with {gb_reader,start_link,undefined} at <0.311.0> exit with reason undef in context child_terminated
2018-03-13 16:45:32.946 [error] <0.314.0>@lib_login:logout CRASH REPORT Process <0.314.0> with 0 neighbours crashed with reason: call to undefined function lib_login:logout(<0.315.0>, "unexpected_message")
2018-03-13 16:45:32.946 [error] <0.138.0> Supervisor gb_tcp_client_sup had child gb_reader started with {gb_reader,start_link,undefined} at <0.314.0> exit with reason undef in context child_terminated
2018-03-13 16:46:10.956 [error] <0.331.0>@role_serv:handle_cast:82 gen_server <0.331.0> terminated with reason: bad record role_info in role_serv:handle_cast/2 line 82
2018-03-13 16:46:10.957 [error] <0.331.0>@role_serv:handle_cast:82 CRASH REPORT Process <0.331.0> with 0 neighbours exited with reason: bad record role_info in role_serv:handle_cast/2 line 82 in gen_server:terminate/7 line 812
2018-03-13 16:47:30.731 [error] <0.330.0>@lib_login:logout CRASH REPORT Process <0.330.0> with 0 neighbours crashed with reason: call to undefined function lib_login:logout(<0.331.0>, "unexpected_message")
2018-03-13 16:47:30.731 [error] <0.138.0> Supervisor gb_tcp_client_sup had child gb_reader started with {gb_reader,start_link,undefined} at <0.330.0> exit with reason undef in context child_terminated
2018-03-13 16:50:21.837 [error] <0.333.0>@lib_login:logout CRASH REPORT Process <0.333.0> with 0 neighbours crashed with reason: call to undefined function lib_login:logout(<0.334.0>, "unexpected_message")
2018-03-13 16:50:21.837 [error] <0.138.0> Supervisor gb_tcp_client_sup had child gb_reader started with {gb_reader,start_link,undefined} at <0.333.0> exit with reason undef in context child_terminated
2018-03-13 16:51:03.426 [error] <0.348.0>@role_serv:handle_cast:82 gen_server <0.348.0> terminated with reason: bad record role_info in role_serv:handle_cast/2 line 82
2018-03-13 16:51:03.426 [error] <0.348.0>@role_serv:handle_cast:82 CRASH REPORT Process <0.348.0> with 0 neighbours exited with reason: bad record role_info in role_serv:handle_cast/2 line 82 in gen_server:terminate/7 line 812
2018-03-13 16:52:07.410 [error] <0.347.0>@lib_login:logout CRASH REPORT Process <0.347.0> with 0 neighbours crashed with reason: call to undefined function lib_login:logout(<0.348.0>, "unexpected_message")
2018-03-13 16:52:07.411 [error] <0.138.0> Supervisor gb_tcp_client_sup had child gb_reader started with {gb_reader,start_link,undefined} at <0.347.0> exit with reason undef in context child_terminated
2018-03-13 16:52:09.354 [error] <0.350.0>@lib_login:logout CRASH REPORT Process <0.350.0> with 0 neighbours crashed with reason: call to undefined function lib_login:logout(<0.351.0>, "unexpected_message")
2018-03-13 16:52:09.354 [error] <0.138.0> Supervisor gb_tcp_client_sup had child gb_reader started with {gb_reader,start_link,undefined} at <0.350.0> exit with reason undef in context child_terminated
